2022-10-11 12:57:13,401 - INFO: Scrapping https://www.rumah123.com/jual/bogor/rumah/?&page=1
2022-10-11 12:59:49,033 - INFO: Scrapping https://www.rumah123.com/jual/bogor/rumah/?&page=2
2022-10-11 13:02:20,585 - INFO: Scrapping finished, quitting browser.
2022-10-11 13:53:55,885 - WARNING: Location is not match for (Summarecon Bekasi, Bekasi), no coordinates returned
2022-10-11 13:54:02,698 - WARNING: Location is not match for (Bekasi, Bekasi), no coordinates returned
2022-10-11 13:54:08,903 - WARNING: Location is not match for (Setu, Bekasi), no coordinates returned
2022-10-11 13:54:32,182 - WARNING: Location is not match for (Cibitung, Bekasi), no coordinates returned
2022-10-11 13:54:38,735 - WARNING: Location is not match for (Cibubur, Bekasi), no coordinates returned
2022-10-11 13:54:50,537 - WARNING: Location is not match for (Mustikajaya, Bekasi), no coordinates returned
2022-10-11 13:55:33,801 - WARNING: Location is not match for (Jatisampurna, Bekasi), no coordinates returned
2022-10-11 14:27:14,504 - ERROR: KeyboardInterrupt captured while accessing (Jatisampurna, Bekasi)
Traceback (most recent call last):
  File "C:\Users\Audimas Firian\AppData\Local\Temp\ipykernel_7616\2403333133.py", line 72, in scrap_coordinates
    self._location_scraper(keyword)
  File "C:\Users\Audimas Firian\AppData\Local\Temp\ipykernel_7616\2403333133.py", line 35, in _location_scraper
    time.sleep(5)
KeyboardInterrupt
2022-10-11 14:27:14,703 - INFO: Scrapping finished, quitting browser.
2022-10-11 14:30:37,045 - WARNING: No location matches for (Summarecon Bekasi, Bekasi), no coordinates returned
2022-10-11 14:31:25,476 - WARNING: No location matches for (Cibubur, Bekasi), no coordinates returned
2022-10-11 14:32:28,954 - ERROR: KeyboardInterrupt captured while accessing (Jatibening, Bekasi)
Traceback (most recent call last):
  File "C:\Users\Audimas Firian\AppData\Local\Temp\ipykernel_7616\2938351495.py", line 72, in scrap_coordinates
    self._location_scraper(keyword)
  File "C:\Users\Audimas Firian\AppData\Local\Temp\ipykernel_7616\2938351495.py", line 34, in _location_scraper
    self._browser.get(URL_)
  File "d:\anaconda3\envs\web_access\lib\site-packages\selenium\webdriver\remote\webdriver.py", line 333, in get
    self.execute(Command.GET, {'url': url})
  File "d:\anaconda3\envs\web_access\lib\site-packages\selenium\webdriver\remote\webdriver.py", line 319, in execute
    response = self.command_executor.execute(driver_command, params)
  File "d:\anaconda3\envs\web_access\lib\site-packages\selenium\webdriver\remote\remote_connection.py", line 374, in execute
    return self._request(command_info[0], url, body=data)
  File "d:\anaconda3\envs\web_access\lib\site-packages\selenium\webdriver\remote\remote_connection.py", line 397, in _request
    resp = self._conn.request(method, url, body=body, headers=headers)
  File "d:\anaconda3\envs\web_access\lib\site-packages\urllib3\request.py", line 78, in request
    return self.request_encode_body(
  File "d:\anaconda3\envs\web_access\lib\site-packages\urllib3\request.py", line 170, in request_encode_body
    return self.urlopen(method, url, **extra_kw)
  File "d:\anaconda3\envs\web_access\lib\site-packages\urllib3\poolmanager.py", line 376, in urlopen
    response = conn.urlopen(method, u.request_uri, **kw)
  File "d:\anaconda3\envs\web_access\lib\site-packages\urllib3\connectionpool.py", line 703, in urlopen
    httplib_response = self._make_request(
  File "d:\anaconda3\envs\web_access\lib\site-packages\urllib3\connectionpool.py", line 449, in _make_request
    six.raise_from(e, None)
  File "<string>", line 3, in raise_from
  File "d:\anaconda3\envs\web_access\lib\site-packages\urllib3\connectionpool.py", line 444, in _make_request
    httplib_response = conn.getresponse()
  File "d:\anaconda3\envs\web_access\lib\http\client.py", line 1348, in getresponse
    response.begin()
  File "d:\anaconda3\envs\web_access\lib\http\client.py", line 316, in begin
    version, status, reason = self._read_status()
  File "d:\anaconda3\envs\web_access\lib\http\client.py", line 277, in _read_status
    line = str(self.fp.readline(_MAXLINE + 1), "iso-8859-1")
  File "d:\anaconda3\envs\web_access\lib\socket.py", line 669, in readinto
    return self._sock.recv_into(b)
KeyboardInterrupt
2022-10-11 14:32:29,142 - INFO: Scrapping finished, quitting browser.
2022-10-11 14:33:27,572 - WARNING: No location matches for (Summarecon Bekasi, Bekasi), no coordinates returned
2022-10-11 14:34:01,721 - ERROR: KeyboardInterrupt captured while accessing (Cibitung, Bekasi)
Traceback (most recent call last):
  File "C:\Users\Audimas Firian\AppData\Local\Temp\ipykernel_7616\2938351495.py", line 72, in scrap_coordinates
    self._location_scraper(keyword)
  File "C:\Users\Audimas Firian\AppData\Local\Temp\ipykernel_7616\2938351495.py", line 34, in _location_scraper
    self._browser.get(URL_)
  File "d:\anaconda3\envs\web_access\lib\site-packages\selenium\webdriver\remote\webdriver.py", line 333, in get
    self.execute(Command.GET, {'url': url})
  File "d:\anaconda3\envs\web_access\lib\site-packages\selenium\webdriver\remote\webdriver.py", line 319, in execute
    response = self.command_executor.execute(driver_command, params)
  File "d:\anaconda3\envs\web_access\lib\site-packages\selenium\webdriver\remote\remote_connection.py", line 374, in execute
    return self._request(command_info[0], url, body=data)
  File "d:\anaconda3\envs\web_access\lib\site-packages\selenium\webdriver\remote\remote_connection.py", line 397, in _request
    resp = self._conn.request(method, url, body=body, headers=headers)
  File "d:\anaconda3\envs\web_access\lib\site-packages\urllib3\request.py", line 78, in request
    return self.request_encode_body(
  File "d:\anaconda3\envs\web_access\lib\site-packages\urllib3\request.py", line 170, in request_encode_body
    return self.urlopen(method, url, **extra_kw)
  File "d:\anaconda3\envs\web_access\lib\site-packages\urllib3\poolmanager.py", line 376, in urlopen
    response = conn.urlopen(method, u.request_uri, **kw)
  File "d:\anaconda3\envs\web_access\lib\site-packages\urllib3\connectionpool.py", line 703, in urlopen
    httplib_response = self._make_request(
  File "d:\anaconda3\envs\web_access\lib\site-packages\urllib3\connectionpool.py", line 449, in _make_request
    six.raise_from(e, None)
  File "<string>", line 3, in raise_from
  File "d:\anaconda3\envs\web_access\lib\site-packages\urllib3\connectionpool.py", line 444, in _make_request
    httplib_response = conn.getresponse()
  File "d:\anaconda3\envs\web_access\lib\http\client.py", line 1348, in getresponse
    response.begin()
  File "d:\anaconda3\envs\web_access\lib\http\client.py", line 316, in begin
    version, status, reason = self._read_status()
  File "d:\anaconda3\envs\web_access\lib\http\client.py", line 277, in _read_status
    line = str(self.fp.readline(_MAXLINE + 1), "iso-8859-1")
  File "d:\anaconda3\envs\web_access\lib\socket.py", line 669, in readinto
    return self._sock.recv_into(b)
KeyboardInterrupt
2022-10-11 14:34:01,723 - INFO: Scrapping finished, quitting browser.
2022-10-11 15:06:30,063 - WARNING: No location matches for (Summarecon Bekasi, Bekasi), no coordinates returned
2022-10-11 15:08:31,184 - WARNING: No location matches for (Summarecon Bekasi, Bekasi), no coordinates returned
2022-10-11 15:09:21,861 - WARNING: No location matches for (Cibubur, Bekasi), no coordinates returned
2022-10-11 15:09:45,853 - ERROR: KeyboardInterrupt captured while accessing (Jatisampurna, Bekasi)
Traceback (most recent call last):
  File "C:\Users\Audimas Firian\AppData\Local\Temp\ipykernel_7616\777903081.py", line 83, in scrap_coordinates
    self._location_scraper(keyword)
  File "C:\Users\Audimas Firian\AppData\Local\Temp\ipykernel_7616\777903081.py", line 35, in _location_scraper
    self._browser.get(URL_)
  File "d:\anaconda3\envs\web_access\lib\site-packages\selenium\webdriver\remote\webdriver.py", line 333, in get
    self.execute(Command.GET, {'url': url})
  File "d:\anaconda3\envs\web_access\lib\site-packages\selenium\webdriver\remote\webdriver.py", line 319, in execute
    response = self.command_executor.execute(driver_command, params)
  File "d:\anaconda3\envs\web_access\lib\site-packages\selenium\webdriver\remote\remote_connection.py", line 374, in execute
    return self._request(command_info[0], url, body=data)
  File "d:\anaconda3\envs\web_access\lib\site-packages\selenium\webdriver\remote\remote_connection.py", line 397, in _request
    resp = self._conn.request(method, url, body=body, headers=headers)
  File "d:\anaconda3\envs\web_access\lib\site-packages\urllib3\request.py", line 78, in request
    return self.request_encode_body(
  File "d:\anaconda3\envs\web_access\lib\site-packages\urllib3\request.py", line 170, in request_encode_body
    return self.urlopen(method, url, **extra_kw)
  File "d:\anaconda3\envs\web_access\lib\site-packages\urllib3\poolmanager.py", line 376, in urlopen
    response = conn.urlopen(method, u.request_uri, **kw)
  File "d:\anaconda3\envs\web_access\lib\site-packages\urllib3\connectionpool.py", line 703, in urlopen
    httplib_response = self._make_request(
  File "d:\anaconda3\envs\web_access\lib\site-packages\urllib3\connectionpool.py", line 449, in _make_request
    six.raise_from(e, None)
  File "<string>", line 3, in raise_from
  File "d:\anaconda3\envs\web_access\lib\site-packages\urllib3\connectionpool.py", line 444, in _make_request
    httplib_response = conn.getresponse()
  File "d:\anaconda3\envs\web_access\lib\http\client.py", line 1348, in getresponse
    response.begin()
  File "d:\anaconda3\envs\web_access\lib\http\client.py", line 316, in begin
    version, status, reason = self._read_status()
  File "d:\anaconda3\envs\web_access\lib\http\client.py", line 277, in _read_status
    line = str(self.fp.readline(_MAXLINE + 1), "iso-8859-1")
  File "d:\anaconda3\envs\web_access\lib\socket.py", line 669, in readinto
    return self._sock.recv_into(b)
KeyboardInterrupt
2022-10-11 15:09:46,251 - INFO: Scrapping finished, quitting browser.
2022-10-11 15:15:57,461 - WARNING: No location matches for (Summarecon Bekasi, Bekasi), no coordinates returned
2022-10-11 15:16:56,067 - WARNING: No location matches for (Cibubur, Bekasi), no coordinates returned
2022-10-11 15:17:17,641 - ERROR: KeyboardInterrupt captured while accessing (Jatiwarna, Bekasi)
Traceback (most recent call last):
  File "C:\Users\Audimas Firian\AppData\Local\Temp\ipykernel_7616\2351134825.py", line 83, in scrap_coordinates
    self._location_scraper(keyword)
  File "C:\Users\Audimas Firian\AppData\Local\Temp\ipykernel_7616\2351134825.py", line 36, in _location_scraper
    time.sleep(5)
KeyboardInterrupt
2022-10-11 15:17:17,642 - INFO: Scrapping finished, quitting browser.
2022-10-11 15:20:04,465 - WARNING: No location matches for (Summarecon Bekasi, Bekasi), no coordinates returned
2022-10-11 15:20:49,014 - WARNING: No location matches for (Cibubur, Bekasi), no coordinates returned
2022-10-11 15:24:02,682 - WARNING: No location matches for (Duta Harapan, Bekasi), no coordinates returned
2022-10-11 15:24:24,219 - WARNING: No location matches for (Galaxy, Bekasi), no coordinates returned
2022-10-11 15:27:27,365 - WARNING: No location matches for (Komsen, Bekasi), no coordinates returned
2022-10-11 15:28:08,587 - WARNING: No location matches for (Golden City, Bekasi), no coordinates returned
2022-10-11 15:30:30,386 - WARNING: No location matches for (Cibubur, Bogor), no coordinates returned
2022-10-11 15:31:45,439 - WARNING: No location matches for (Bogor Nirwana Residence, Bogor), no coordinates returned
2022-10-11 15:33:19,741 - WARNING: No location matches for (Cipanas, Bogor), no coordinates returned
2022-10-11 15:35:23,917 - WARNING: No location matches for (Leuwinanggung, Bogor), no coordinates returned
2022-10-11 15:35:48,891 - WARNING: No location matches for (Harjamukti, Bogor), no coordinates returned
2022-10-11 15:37:38,531 - WARNING: No location matches for (Taman Kencana, Bogor), no coordinates returned
2022-10-11 15:38:33,427 - WARNING: No location matches for (Citayam, Depok), no coordinates returned
2022-10-11 15:39:44,660 - WARNING: No location matches for (Cibubur, Depok), no coordinates returned
2022-10-11 15:43:45,400 - WARNING: No location matches for (Permata Buana, Jakarta Barat), no coordinates returned
2022-10-11 15:44:07,001 - WARNING: No location matches for (Pantai Mutiara, Jakarta Utara), no coordinates returned
2022-10-11 15:44:13,572 - WARNING: No location matches for (Puri Mansion, Jakarta Barat), no coordinates returned
2022-10-11 15:44:35,490 - WARNING: No location matches for (Intercon, Jakarta Barat), no coordinates returned
2022-10-11 15:45:32,586 - WARNING: No location matches for (Pondok Indah, Jakarta Selatan), no coordinates returned
2022-10-11 15:48:23,793 - WARNING: No location matches for (Metland Puri, Jakarta Barat), no coordinates returned
2022-10-11 15:51:49,383 - WARNING: No location matches for (Puri Media, Jakarta Barat), no coordinates returned
2022-10-11 15:54:36,739 - WARNING: No location matches for (Raffles Hills, Jakarta Timur), no coordinates returned
2022-10-11 15:54:43,062 - WARNING: No location matches for (Sektor 3A-Bintaro, Jakarta Selatan), no coordinates returned
2022-10-11 15:55:16,209 - WARNING: No location matches for (Alam Sutera, Tangerang), no coordinates returned
2022-10-11 15:55:22,385 - WARNING: No location matches for (Gading Serpong, Tangerang), no coordinates returned
2022-10-11 15:55:28,701 - WARNING: No location matches for (BSD City, Tangerang), no coordinates returned
2022-10-11 15:55:35,011 - WARNING: No location matches for (BSD The Icon, Tangerang), no coordinates returned
2022-10-11 15:55:41,449 - WARNING: No location matches for (BSD Kencana Loka, Tangerang), no coordinates returned
2022-10-11 15:55:48,139 - WARNING: No location matches for (BSD Delatinos, Tangerang), no coordinates returned
2022-10-11 15:55:54,612 - WARNING: No location matches for (Cikupa Citra Raya, Tangerang), no coordinates returned
2022-10-11 15:56:01,014 - WARNING: No location matches for (BSD, Tangerang), no coordinates returned
2022-10-11 15:56:21,772 - WARNING: No location matches for (Rawakalong, Tangerang), no coordinates returned
2022-10-11 15:57:39,019 - WARNING: No location matches for (BSD De Park, Tangerang), no coordinates returned
2022-10-11 15:58:31,361 - WARNING: No location matches for (Gading Serpong IL Lago, Tangerang), no coordinates returned
2022-10-11 15:58:39,873 - WARNING: No location matches for (BSD Green Wich, Tangerang), no coordinates returned
2022-10-11 15:58:47,401 - WARNING: No location matches for (BSD Giri Loka, Tangerang), no coordinates returned
2022-10-11 15:58:53,760 - WARNING: No location matches for (BSD Eminent, Tangerang), no coordinates returned
2022-10-11 15:59:07,815 - WARNING: No location matches for (BSD Foresta, Tangerang), no coordinates returned
2022-10-11 15:59:14,989 - WARNING: No location matches for (Modernland, Tangerang), no coordinates returned
2022-10-11 15:59:21,417 - WARNING: No location matches for (BSD Nusaloka, Tangerang), no coordinates returned
2022-10-11 15:59:48,624 - WARNING: No location matches for (Pengasinan, Tangerang), no coordinates returned
2022-10-11 16:00:01,756 - WARNING: No location matches for (BSD Sevilla, Tangerang), no coordinates returned
2022-10-11 16:00:20,842 - WARNING: No location matches for (Sutera Sitara Alam Sutera, Tangerang), no coordinates returned
2022-10-11 16:00:27,119 - WARNING: No location matches for (BSD Taman Giri Loka, Tangerang), no coordinates returned
2022-10-11 16:00:39,348 - WARNING: No location matches for (BSD Graha Raya, Tangerang), no coordinates returned
2022-10-11 16:00:59,147 - WARNING: No location matches for (Gading Serpong Pondok Hijau Golf, Tangerang), no coordinates returned
2022-10-11 16:01:24,353 - WARNING: No location matches for (Gading Serpong Andalucia, Tangerang), no coordinates returned
2022-10-11 16:01:30,740 - WARNING: No location matches for (Gading Serpong The Spring, Tangerang), no coordinates returned
2022-10-11 16:01:37,014 - WARNING: No location matches for (Banjar Wijaya, Tangerang), no coordinates returned
2022-10-11 16:01:55,937 - WARNING: No location matches for (BSD Griya Loka, Tangerang), no coordinates returned
2022-10-11 16:02:08,526 - WARNING: No location matches for (BSD Telaga Golf, Tangerang), no coordinates returned
2022-10-11 16:02:15,115 - WARNING: No location matches for (BSD Puspita Loka, Tangerang), no coordinates returned
2022-10-11 16:02:21,523 - WARNING: No location matches for (Sutera Onix Alam Sutera, Tangerang), no coordinates returned
2022-10-11 16:02:27,865 - WARNING: No location matches for (Pondok Benda, Tangerang), no coordinates returned
2022-10-11 16:02:41,258 - WARNING: No location matches for (BSD Residence One, Tangerang), no coordinates returned
2022-10-11 16:03:37,325 - WARNING: No location matches for (BSD The Green, Tangerang), no coordinates returned
2022-10-11 16:03:43,637 - WARNING: No location matches for (Gading Serpong Scientia Garden, Tangerang), no coordinates returned
2022-10-11 16:03:50,343 - WARNING: No location matches for (BSD Bukit Golf, Tangerang), no coordinates returned
2022-10-11 16:03:56,753 - WARNING: No location matches for (BSD Duta Bintaro, Tangerang), no coordinates returned
2022-10-11 16:04:03,183 - WARNING: No location matches for (BSD Green Cove, Tangerang), no coordinates returned
2022-10-11 16:04:09,427 - WARNING: No location matches for (Duta Garden, Tangerang), no coordinates returned
2022-10-11 16:04:22,829 - WARNING: No location matches for (BSD Avani, Tangerang), no coordinates returned
2022-10-11 16:04:29,150 - WARNING: No location matches for (Gading Serpong L Agricola, Tangerang), no coordinates returned
2022-10-11 16:04:35,315 - WARNING: No location matches for (Gading Serpong Samara Village, Tangerang), no coordinates returned
2022-10-11 16:04:57,095 - WARNING: No location matches for (BSD Anggrek Loka, Tangerang), no coordinates returned
2022-10-11 16:05:30,935 - WARNING: No location matches for (BSD Provance Parkland, Tangerang), no coordinates returned
2022-10-11 16:05:37,261 - WARNING: No location matches for (Sudimara, Tangerang), no coordinates returned
2022-10-11 16:05:37,261 - INFO: Scrapping finished, quitting browser.
